<?xml version="1.0" encoding="UTF-8"?>
<testng-results skipped="0" failed="0" ignored="0" total="1" passed="1">
  <reporter-output>
  </reporter-output>
  <suite name="Default suite" duration-ms="31995" started-at="2019-06-07T03:09:48Z" finished-at="2019-06-07T03:10:20Z">
    <groups>
    </groups>
    <test name="Default test" duration-ms="31995" started-at="2019-06-07T03:09:48Z" finished-at="2019-06-07T03:10:20Z">
      <class name="com.class12.FligthSearch">
        <test-method status="PASS" signature="setUp()[pri:0, instance:com.class12.FligthSearch@1b604f19]" name="setUp" is-config="true" duration-ms="18811" started-at="2019-06-07T03:09:48Z" finished-at="2019-06-07T03:10:07Z">
          <reporter-output>
          </reporter-output>
        </test-method> <!-- setUp -->
        <test-method status="PASS" signature="searchFlight()[pri:0, instance:com.class12.FligthSearch@1b604f19]" name="searchFlight" duration-ms="12486" started-at="2019-06-07T03:10:07Z" finished-at="2019-06-07T03:10:20Z">
          <reporter-output>
          </reporter-output>
        </test-method> <!-- searchFlight -->
        <test-method status="PASS" signature="tearDown()[pri:0, instance:com.class12.FligthSearch@1b604f19]" name="tearDown" is-config="true" duration-ms="654" started-at="2019-06-07T03:10:20Z" finished-at="2019-06-07T03:10:20Z">
          <reporter-output>
          </reporter-output>
        </test-method> <!-- tearDown -->
      </class> <!-- com.class12.FligthSearch -->
    </test> <!-- Default test -->
  </suite> <!-- Default suite -->
</testng-results>
